<?xml version="1.0" encoding="UTF-8"?>
<!-- Generated by org.testng.reporters.JUnitReportReporter -->
<testsuite hostname="LAPTOP-9QL5EV9U" failures="0" tests="1" name="simp.oneClas" time="0.016" errors="0" timestamp="20 Apr 2019 06:12:24 GMT" skipped="0">
  <testcase classname="simp.oneClas" name="one" time="0.016"/>
</testsuite> <!-- simp.oneClas -->
